<?xml version="1.0" encoding="UTF-8"?>
<!-- Generated by org.testng.reporters.JUnitReportReporter -->
<testsuite hostname="QSP" failures="0" tests="1" name="com.Educational.SkillRaryApp.Testscripts.FaceBookLike" time="85.291" errors="0" timestamp="2021-11-12T14:17:09 IST" skipped="0">
  <testcase classname="com.Educational.SkillRaryApp.Testscripts.FaceBookLike" name="tc1" time="85.291"/>
</testsuite> <!-- com.Educational.SkillRaryApp.Testscripts.FaceBookLike -->
