<?xml version="1.0" encoding="UTF-8"?>
<!-- Generated by org.testng.reporters.JUnitReportReporter -->
<testsuite hostname="QSP" failures="0" tests="5" name="com.Educational.SkillRaryApp.Testscripts.UpdateMultipleprofile" time="50.372" errors="0" timestamp="2021-11-16T15:13:10 IST" skipped="0">
  <testcase classname="com.Educational.SkillRaryApp.Testscripts.UpdateMultipleprofile" name="tc3" time="8.758"/>
  <testcase classname="com.Educational.SkillRaryApp.Testscripts.UpdateMultipleprofile" name="tc3" time="12.402"/>
  <testcase classname="com.Educational.SkillRaryApp.Testscripts.UpdateMultipleprofile" name="tc3" time="11.127"/>
  <testcase classname="com.Educational.SkillRaryApp.Testscripts.UpdateMultipleprofile" name="tc3" time="9.771"/>
  <testcase classname="com.Educational.SkillRaryApp.Testscripts.UpdateMultipleprofile" name="tc3" time="8.314"/>
</testsuite> <!-- com.Educational.SkillRaryApp.Testscripts.UpdateMultipleprofile -->
